<?xml version="1.0" encoding="UTF-8"?>
<!-- Generated by org.testng.reporters.JUnitReportReporter -->
<testsuite hostname="DESKTOP-P5V0NRJ" failures="0" tests="1" name="com.saucedemo.TestPack.TC_04_AddBagProductToCart" time="4.460" errors="0" timestamp="2022-11-03T15:32:47 IST" skipped="0">
  <testcase classname="com.saucedemo.TestPack.TC_04_AddBagProductToCart" name="VerifyBagProductAddTocart" time="4.460"/>
  <system-out/>
</testsuite> <!-- com.saucedemo.TestPack.TC_04_AddBagProductToCart -->
